<?xml version="1.0" encoding="UTF-8"?>
<testsuite xmlns:xsi="http://www.w3.org/2001/XMLSchema-instance" xsi:noNamespaceSchemaLocation="https://maven.apache.org/surefire/maven-surefire-plugin/xsd/surefire-test-report.xsd" name="src.tests.bankingAppTests.BranchTests.BranchTests" time="0.001" tests="4" errors="0" skipped="0" failures="0">
  <properties>
[...]
</properties>
  <testcase name="getCustomerByPanException" classname="src.tests.bankingAppTests.BranchTests.BranchTests" time="0"/>
  <testcase name="getAccountByAccountNumberException" classname="src.tests.bankingAppTests.BranchTests.BranchTests" time="0"/>
  <testcase name="createBankAccount" classname="src.tests.bankingAppTests.BranchTests.BranchTests" time="0"/>
  <testcase name="getCustomerByPan" classname="src.tests.bankingAppTests.BranchTests.BranchTests" time="0"/>
</testsuite>